  ByteCamera.cpp
D:\Projects\Visual Studio Projects\C++\ByteCamera\ByteCamera\MicVolumeManager.h(24,88): warning C4244: 'argument': conversion from 'size_t' to 'T', possible loss of data
          with
          [
              T=float
          ]
D:\Projects\Visual Studio Projects\C++\ByteCamera\ByteCamera\MicVolumeManager.h(41,61): warning C4244: 'argument': conversion from 'double' to 'T', possible loss of data
          with
          [
              T=float
          ]
D:\Projects\Visual Studio Projects\C++\ByteCamera\ByteCamera\MicVolumeManager.h(43,22): warning C4244: '=': conversion from 'double' to 'float', possible loss of data
D:\Projects\Visual Studio Projects\C++\ByteCamera\ByteCamera\Stremdeck.h(44,1): warning C4267: 'initializing': conversion from 'size_t' to 'int', possible loss of data
D:\Projects\Visual Studio Projects\C++\ByteCamera\ByteCamera\Stremdeck.h(124,1): warning C4805: '!=': unsafe mix of type 'bool' and type 'const _Ty2' in operation
          with
          [
              _Ty2=int
          ]
D:\Projects\Visual Studio Projects\C++\ByteCamera\ByteCamera\Stremdeck.h(132,1): warning C4805: '!=': unsafe mix of type 'bool' and type 'const _Ty2' in operation
          with
          [
              _Ty2=int
          ]
D:\Projects\Visual Studio Projects\C++\ByteCamera\ByteCamera\ByteCamera.cpp(322,50): warning C4244: '=': conversion from 'T' to 'float', possible loss of data
          with
          [
              T=unsigned int
          ]
D:\Projects\Visual Studio Projects\C++\ByteCamera\ByteCamera\ByteCamera.cpp(333,11): warning C4244: 'initializing': conversion from 'double' to 'int', possible loss of data
D:\Projects\Visual Studio Projects\C++\ByteCamera\ByteCamera\ByteCamera.cpp(374,52): warning C4305: 'argument': truncation from 'double' to 'const float'
D:\Projects\Visual Studio Projects\C++\ByteCamera\ByteCamera\ByteCamera.cpp(374,23): warning C4244: 'argument': conversion from 'int' to 'const float', possible loss of data
D:\Projects\Visual Studio Projects\C++\ByteCamera\ByteCamera\ByteCamera.cpp(376,107): warning C4305: 'argument': truncation from 'double' to 'const float'
D:\Projects\Visual Studio Projects\C++\ByteCamera\ByteCamera\ByteCamera.cpp(376,34): warning C4244: 'argument': conversion from 'double' to 'const float', possible loss of data
D:\Projects\Visual Studio Projects\C++\ByteCamera\ByteCamera\ByteCamera.cpp(385,21): warning C4244: 'initializing': conversion from 'double' to 'int', possible loss of data
D:\Projects\Visual Studio Projects\C++\ByteCamera\ByteCamera\ByteCamera.cpp(386,77): warning C4244: 'argument': conversion from 'int' to 'T', possible loss of data
          with
          [
              T=float
          ]
D:\Projects\Visual Studio Projects\C++\ByteCamera\ByteCamera\ByteCamera.cpp(390,163): warning C4244: 'argument': conversion from 'T' to 'T', possible loss of data
          with
          [
              T=double
          ]
          and
          [
              T=float
          ]
D:\Projects\Visual Studio Projects\C++\ByteCamera\ByteCamera\ByteCamera.cpp(390,95): warning C4244: 'argument': conversion from 'T' to 'T', possible loss of data
          with
          [
              T=double
          ]
          and
          [
              T=float
          ]
D:\Projects\Visual Studio Projects\C++\ByteCamera\ByteCamera\ByteCamera.cpp(405,37): warning C4244: 'argument': conversion from 'int' to 'const float', possible loss of data
D:\Projects\Visual Studio Projects\C++\ByteCamera\ByteCamera\ByteCamera.cpp(409,92): warning C4244: 'argument': conversion from 'double' to 'T', possible loss of data
          with
          [
              T=float
          ]
D:\Projects\Visual Studio Projects\C++\ByteCamera\ByteCamera\ByteCamera.cpp(409,69): warning C4244: 'argument': conversion from 'double' to 'T', possible loss of data
          with
          [
              T=float
          ]
D:\Projects\Visual Studio Projects\C++\ByteCamera\ByteCamera\ByteCamera.cpp(423,98): warning C4244: 'argument': conversion from 'double' to 'T', possible loss of data
          with
          [
              T=float
          ]
D:\Projects\Visual Studio Projects\C++\ByteCamera\ByteCamera\ByteCamera.cpp(517,92): warning C4244: 'argument': conversion from 'T' to 'T', possible loss of data
          with
          [
              T=double
          ]
          and
          [
              T=float
          ]
D:\Projects\Visual Studio Projects\C++\ByteCamera\ByteCamera\ByteCamera.cpp(517,52): warning C4244: 'argument': conversion from 'T' to 'T', possible loss of data
          with
          [
              T=double
          ]
          and
          [
              T=float
          ]
D:\Projects\Visual Studio Projects\C++\ByteCamera\ByteCamera\ByteCamera.cpp(518,112): warning C4244: 'argument': conversion from 'T' to 'float', possible loss of data
          with
          [
              T=double
          ]
D:\Projects\Visual Studio Projects\C++\ByteCamera\ByteCamera\ByteCamera.cpp(518,68): warning C4244: 'argument': conversion from 'T' to 'float', possible loss of data
          with
          [
              T=double
          ]
D:\Projects\Visual Studio Projects\C++\ByteCamera\ByteCamera\ByteCamera.cpp(521,64): warning C4244: 'argument': conversion from 'T' to 'T', possible loss of data
          with
          [
              T=double
          ]
          and
          [
              T=float
          ]
D:\Projects\Visual Studio Projects\C++\ByteCamera\ByteCamera\ByteCamera.cpp(522,83): warning C4244: 'argument': conversion from 'T' to 'T', possible loss of data
          with
          [
              T=double
          ]
          and
          [
              T=float
          ]
D:\Projects\Visual Studio Projects\C++\ByteCamera\ByteCamera\ByteCamera.cpp(522,60): warning C4244: 'argument': conversion from 'unsigned int' to 'T', possible loss of data
          with
          [
              T=float
          ]
D:\Projects\Visual Studio Projects\C++\ByteCamera\ByteCamera\ByteCamera.cpp(525,59): warning C4244: 'argument': conversion from 'T' to 'T', possible loss of data
          with
          [
              T=double
          ]
          and
          [
              T=float
          ]
D:\Projects\Visual Studio Projects\C++\ByteCamera\ByteCamera\ByteCamera.cpp(526,97): warning C4244: 'argument': conversion from 'unsigned int' to 'T', possible loss of data
          with
          [
              T=float
          ]
D:\Projects\Visual Studio Projects\C++\ByteCamera\ByteCamera\ByteCamera.cpp(526,59): warning C4244: 'argument': conversion from 'T' to 'T', possible loss of data
          with
          [
              T=double
          ]
          and
          [
              T=float
          ]
D:\Projects\Visual Studio Projects\C++\ByteCamera\ByteCamera\ByteCamera.cpp(531,125): warning C4244: 'argument': conversion from 'T' to 'T', possible loss of data
          with
          [
              T=double
          ]
          and
          [
              T=float
          ]
D:\Projects\Visual Studio Projects\C++\ByteCamera\ByteCamera\ByteCamera.cpp(531,79): warning C4244: 'argument': conversion from 'T' to 'T', possible loss of data
          with
          [
              T=double
          ]
          and
          [
              T=float
          ]
  Generating code
  2 of 2716 functions (<0.1%) were compiled, the rest were copied from previous compilation.
    0 functions were new in current compilation
    1 functions had inline decision re-evaluated but remain unchanged
  Finished generating code
  ByteCamera.vcxproj -> D:\Projects\Visual Studio Projects\C++\ByteCamera\x64\Release\ByteCamera.exe
  C:\Program Files\Microsoft SDKs\Kinect\v2.0_1409\Redist\Face\x64\Kinect20.Face.dll
  C:\Program Files\Microsoft SDKs\Kinect\v2.0_1409\Redist\Face\x64\Microsoft.Kinect.Face.dll
  C:\Program Files\Microsoft SDKs\Kinect\v2.0_1409\Redist\Face\x64\Microsoft.Kinect.Face.xml
  C:\Program Files\Microsoft SDKs\Kinect\v2.0_1409\Redist\Face\x64\NuiDatabase\FaceAlignment.bin
  C:\Program Files\Microsoft SDKs\Kinect\v2.0_1409\Redist\Face\x64\NuiDatabase\FaceAlignmentColor.bin
  C:\Program Files\Microsoft SDKs\Kinect\v2.0_1409\Redist\Face\x64\NuiDatabase\FaceAlignmentColor27.bin
  C:\Program Files\Microsoft SDKs\Kinect\v2.0_1409\Redist\Face\x64\NuiDatabase\FaceDetector.bin
  C:\Program Files\Microsoft SDKs\Kinect\v2.0_1409\Redist\Face\x64\NuiDatabase\FaceOrientation.bin
  C:\Program Files\Microsoft SDKs\Kinect\v2.0_1409\Redist\Face\x64\NuiDatabase\FaceTrackingColor27.bin
  C:\Program Files\Microsoft SDKs\Kinect\v2.0_1409\Redist\Face\x64\NuiDatabase\Expression\ExpressionRandomForest.model
  C:\Program Files\Microsoft SDKs\Kinect\v2.0_1409\Redist\Face\x64\NuiDatabase\Expression\EyeLeftRandomForest.model
  C:\Program Files\Microsoft SDKs\Kinect\v2.0_1409\Redist\Face\x64\NuiDatabase\Expression\EyeRightRandomForest.model
  C:\Program Files\Microsoft SDKs\Kinect\v2.0_1409\Redist\Face\x64\NuiDatabase\Expression\FacialHairIRRandomForest.model
  C:\Program Files\Microsoft SDKs\Kinect\v2.0_1409\Redist\Face\x64\NuiDatabase\Expression\FacialHairRandomForest.model
  C:\Program Files\Microsoft SDKs\Kinect\v2.0_1409\Redist\Face\x64\NuiDatabase\Expression\Feature.config
  C:\Program Files\Microsoft SDKs\Kinect\v2.0_1409\Redist\Face\x64\NuiDatabase\Expression\GlassesIRRandomForest.model
  C:\Program Files\Microsoft SDKs\Kinect\v2.0_1409\Redist\Face\x64\NuiDatabase\Expression\GlassesRandomForest.model
  C:\Program Files\Microsoft SDKs\Kinect\v2.0_1409\Redist\Face\x64\NuiDatabase\Expression\LookingAwayRandomForest.model
  C:\Program Files\Microsoft SDKs\Kinect\v2.0_1409\Redist\Face\x64\NuiDatabase\Expression\MouthMovedRandomForest.model
  C:\Program Files\Microsoft SDKs\Kinect\v2.0_1409\Redist\Face\x64\NuiDatabase\Expression\MouthOpenRandomForest.model
  C:\Program Files\Microsoft SDKs\Kinect\v2.0_1409\Redist\Face\x64\NuiDatabase\Expression\NuiExpressionModelManifest.txt
  C:\Program Files\Microsoft SDKs\Kinect\v2.0_1409\Redist\Face\x64\NuiDatabase\HDFaceTracker\AAMModel\3DModel.bin
  C:\Program Files\Microsoft SDKs\Kinect\v2.0_1409\Redist\Face\x64\NuiDatabase\HDFaceTracker\AAMModel\3DModel_globalPCA.bin
  C:\Program Files\Microsoft SDKs\Kinect\v2.0_1409\Redist\Face\x64\NuiDatabase\HDFaceTracker\AAMModel\AAMModelData_F.bin
  C:\Program Files\Microsoft SDKs\Kinect\v2.0_1409\Redist\Face\x64\NuiDatabase\HDFaceTracker\AAMModel\AAMModelData_HLP.bin
  C:\Program Files\Microsoft SDKs\Kinect\v2.0_1409\Redist\Face\x64\NuiDatabase\HDFaceTracker\AAMModel\AAMModelData_HRP.bin
  C:\Program Files\Microsoft SDKs\Kinect\v2.0_1409\Redist\Face\x64\NuiDatabase\HDFaceTracker\AAMModel\Map2D3D_F.txt
  C:\Program Files\Microsoft SDKs\Kinect\v2.0_1409\Redist\Face\x64\NuiDatabase\HDFaceTracker\AAMModel\Map2D3D_HLP.txt
  C:\Program Files\Microsoft SDKs\Kinect\v2.0_1409\Redist\Face\x64\NuiDatabase\HDFaceTracker\AAMModel\Map2D3D_HRP.txt
  C:\Program Files\Microsoft SDKs\Kinect\v2.0_1409\Redist\Face\x64\NuiDatabase\HDFaceTracker\AAMModel\PCAMaskBias.bin
  C:\Program Files\Microsoft SDKs\Kinect\v2.0_1409\Redist\Face\x64\NuiDatabase\HDFaceTracker\EvalModel\front.mod.bin
  C:\Program Files\Microsoft SDKs\Kinect\v2.0_1409\Redist\Face\x64\NuiDatabase\HDFaceTracker\EvalModel\Front.p.txt
  C:\Program Files\Microsoft SDKs\Kinect\v2.0_1409\Redist\Face\x64\NuiDatabase\HDFaceTracker\EvalModel\front_nose.mod.bin
  C:\Program Files\Microsoft SDKs\Kinect\v2.0_1409\Redist\Face\x64\NuiDatabase\HDFaceTracker\EvalModel\left.mod.bin
  C:\Program Files\Microsoft SDKs\Kinect\v2.0_1409\Redist\Face\x64\NuiDatabase\HDFaceTracker\EvalModel\left.p.txt
  C:\Program Files\Microsoft SDKs\Kinect\v2.0_1409\Redist\Face\x64\NuiDatabase\HDFaceTracker\EvalModel\left_nose.mod.bin
  C:\Program Files\Microsoft SDKs\Kinect\v2.0_1409\Redist\Face\x64\NuiDatabase\HDFaceTracker\EvalModel\right.mod.bin
  C:\Program Files\Microsoft SDKs\Kinect\v2.0_1409\Redist\Face\x64\NuiDatabase\HDFaceTracker\EvalModel\right.p.txt
  C:\Program Files\Microsoft SDKs\Kinect\v2.0_1409\Redist\Face\x64\NuiDatabase\HDFaceTracker\EvalModel\right_nose.mod.bin
  C:\Program Files\Microsoft SDKs\Kinect\v2.0_1409\Redist\Face\x64\NuiDatabase\HDFaceTracker\EyeState\EyeClose.pra
  C:\Program Files\Microsoft SDKs\Kinect\v2.0_1409\Redist\Face\x64\NuiDatabase\HDFaceTracker\EyeState\EyeClose.wgh
  C:\Program Files\Microsoft SDKs\Kinect\v2.0_1409\Redist\Face\x64\NuiDatabase\HDFaceTracker\EyeState\LeftCloseRightOpen44Flip.pra
  C:\Program Files\Microsoft SDKs\Kinect\v2.0_1409\Redist\Face\x64\NuiDatabase\HDFaceTracker\EyeState\LeftCloseRightOpen44Flip.wgh
  C:\Program Files\Microsoft SDKs\Kinect\v2.0_1409\Redist\Face\x64\NuiDatabase\HDFaceTracker\EyeState\LeftOpenRightClose44Flip.pra
  C:\Program Files\Microsoft SDKs\Kinect\v2.0_1409\Redist\Face\x64\NuiDatabase\HDFaceTracker\EyeState\LeftOpenRightClose44Flip.wgh
  C:\Program Files\Microsoft SDKs\Kinect\v2.0_1409\Redist\Face\x64\NuiDatabase\HDFaceTracker\MouthModel\close.mod.bin
  C:\Program Files\Microsoft SDKs\Kinect\v2.0_1409\Redist\Face\x64\NuiDatabase\HDFaceTracker\MouthModel\close.p.txt
  C:\Program Files\Microsoft SDKs\Kinect\v2.0_1409\Redist\Face\x64\NuiDatabase\HDFaceTracker\MouthModel\lopen.mod.bin
  C:\Program Files\Microsoft SDKs\Kinect\v2.0_1409\Redist\Face\x64\NuiDatabase\HDFaceTracker\MouthModel\lopen.p.txt
  C:\Program Files\Microsoft SDKs\Kinect\v2.0_1409\Redist\Face\x64\NuiDatabase\HDFaceTracker\MouthModel\MeanShapes.txt
  C:\Program Files\Microsoft SDKs\Kinect\v2.0_1409\Redist\Face\x64\NuiDatabase\HDFaceTracker\SkintoneModel\skintone_appearance_classifier.txt
  C:\Program Files\Microsoft SDKs\Kinect\v2.0_1409\Redist\Face\x64\NuiDatabase\HDFaceTracker\SkintoneModel\skintone_shape_classifier.txt
  C:\Program Files\Microsoft SDKs\Kinect\v2.0_1409\Redist\Face\x64\NuiDatabase\HDFaceTracker\ViewModel\front.mod.bin
  C:\Program Files\Microsoft SDKs\Kinect\v2.0_1409\Redist\Face\x64\NuiDatabase\HDFaceTracker\ViewModel\front.p.txt
  C:\Program Files\Microsoft SDKs\Kinect\v2.0_1409\Redist\Face\x64\NuiDatabase\HDFaceTracker\ViewModel\left.mod.bin
  C:\Program Files\Microsoft SDKs\Kinect\v2.0_1409\Redist\Face\x64\NuiDatabase\HDFaceTracker\ViewModel\left.p.txt
  C:\Program Files\Microsoft SDKs\Kinect\v2.0_1409\Redist\Face\x64\NuiDatabase\HDFaceTracker\ViewModel\right.mod.bin
  C:\Program Files\Microsoft SDKs\Kinect\v2.0_1409\Redist\Face\x64\NuiDatabase\HDFaceTracker\ViewModel\right.p.txt
  C:\Program Files\Microsoft SDKs\Kinect\v2.0_1409\Redist\Face\x64\NuiDatabase\HDFaceTracker\WholeHeadModel\FullHeadMaskVertexCorrespondence.txt
  C:\Program Files\Microsoft SDKs\Kinect\v2.0_1409\Redist\Face\x64\NuiDatabase\HDFaceTracker\WholeHeadModel\fullMeanHead60_tri.ply
  60 File(s) copied
