  ByteCamera.cpp
D:\Projects\Visual Studio Projects\C++\ByteCamera\ByteCamera\MicVolumeManager.h(24,88): warning C4244: 'argument': conversion from 'size_t' to 'T', possible loss of data
          with
          [
              T=float
          ]
D:\Projects\Visual Studio Projects\C++\ByteCamera\ByteCamera\MicVolumeManager.h(41,61): warning C4244: 'argument': conversion from 'double' to 'T', possible loss of data
          with
          [
              T=float
          ]
D:\Projects\Visual Studio Projects\C++\ByteCamera\ByteCamera\MicVolumeManager.h(43,22): warning C4244: '=': conversion from 'double' to 'float', possible loss of data
D:\Projects\Visual Studio Projects\C++\ByteCamera\ByteCamera\Stremdeck.h(44,1): warning C4267: 'initializing': conversion from 'size_t' to 'int', possible loss of data
D:\Projects\Visual Studio Projects\C++\ByteCamera\ByteCamera\Stremdeck.h(124,1): warning C4805: '!=': unsafe mix of type 'bool' and type 'const _Ty2' in operation
          with
          [
              _Ty2=int
          ]
D:\Projects\Visual Studio Projects\C++\ByteCamera\ByteCamera\Stremdeck.h(132,1): warning C4805: '!=': unsafe mix of type 'bool' and type 'const _Ty2' in operation
          with
          [
              _Ty2=int
          ]
D:\Projects\Visual Studio Projects\C++\ByteCamera\ByteCamera\ByteCamera.cpp(300,50): warning C4244: '=': conversion from 'T' to 'float', possible loss of data
          with
          [
              T=unsigned int
          ]
D:\Projects\Visual Studio Projects\C++\ByteCamera\ByteCamera\ByteCamera.cpp(309,11): warning C4244: 'initializing': conversion from 'double' to 'int', possible loss of data
D:\Projects\Visual Studio Projects\C++\ByteCamera\ByteCamera\ByteCamera.cpp(349,52): warning C4305: 'argument': truncation from 'double' to 'const float'
D:\Projects\Visual Studio Projects\C++\ByteCamera\ByteCamera\ByteCamera.cpp(349,23): warning C4244: 'argument': conversion from 'int' to 'const float', possible loss of data
D:\Projects\Visual Studio Projects\C++\ByteCamera\ByteCamera\ByteCamera.cpp(351,107): warning C4305: 'argument': truncation from 'double' to 'const float'
D:\Projects\Visual Studio Projects\C++\ByteCamera\ByteCamera\ByteCamera.cpp(351,34): warning C4244: 'argument': conversion from 'double' to 'const float', possible loss of data
D:\Projects\Visual Studio Projects\C++\ByteCamera\ByteCamera\ByteCamera.cpp(360,21): warning C4244: 'initializing': conversion from 'double' to 'int', possible loss of data
D:\Projects\Visual Studio Projects\C++\ByteCamera\ByteCamera\ByteCamera.cpp(361,77): warning C4244: 'argument': conversion from 'int' to 'T', possible loss of data
          with
          [
              T=float
          ]
D:\Projects\Visual Studio Projects\C++\ByteCamera\ByteCamera\ByteCamera.cpp(365,163): warning C4244: 'argument': conversion from 'T' to 'T', possible loss of data
          with
          [
              T=double
          ]
          and
          [
              T=float
          ]
D:\Projects\Visual Studio Projects\C++\ByteCamera\ByteCamera\ByteCamera.cpp(365,95): warning C4244: 'argument': conversion from 'T' to 'T', possible loss of data
          with
          [
              T=double
          ]
          and
          [
              T=float
          ]
D:\Projects\Visual Studio Projects\C++\ByteCamera\ByteCamera\ByteCamera.cpp(369,22): warning C4244: 'initializing': conversion from 'double' to 'int', possible loss of data
D:\Projects\Visual Studio Projects\C++\ByteCamera\ByteCamera\ByteCamera.cpp(374,37): warning C4244: 'argument': conversion from 'int' to 'const float', possible loss of data
D:\Projects\Visual Studio Projects\C++\ByteCamera\ByteCamera\ByteCamera.cpp(378,92): warning C4244: 'argument': conversion from 'double' to 'T', possible loss of data
          with
          [
              T=float
          ]
D:\Projects\Visual Studio Projects\C++\ByteCamera\ByteCamera\ByteCamera.cpp(378,69): warning C4244: 'argument': conversion from 'double' to 'T', possible loss of data
          with
          [
              T=float
          ]
D:\Projects\Visual Studio Projects\C++\ByteCamera\ByteCamera\ByteCamera.cpp(387,70): warning C4244: 'argument': conversion from 'double' to 'T', possible loss of data
          with
          [
              T=float
          ]
D:\Projects\Visual Studio Projects\C++\ByteCamera\ByteCamera\ByteCamera.cpp(463,92): warning C4244: 'argument': conversion from 'T' to 'T', possible loss of data
          with
          [
              T=double
          ]
          and
          [
              T=float
          ]
D:\Projects\Visual Studio Projects\C++\ByteCamera\ByteCamera\ByteCamera.cpp(463,52): warning C4244: 'argument': conversion from 'T' to 'T', possible loss of data
          with
          [
              T=double
          ]
          and
          [
              T=float
          ]
D:\Projects\Visual Studio Projects\C++\ByteCamera\ByteCamera\ByteCamera.cpp(464,112): warning C4244: 'argument': conversion from 'T' to 'float', possible loss of data
          with
          [
              T=double
          ]
D:\Projects\Visual Studio Projects\C++\ByteCamera\ByteCamera\ByteCamera.cpp(464,68): warning C4244: 'argument': conversion from 'T' to 'float', possible loss of data
          with
          [
              T=double
          ]
D:\Projects\Visual Studio Projects\C++\ByteCamera\ByteCamera\ByteCamera.cpp(467,64): warning C4244: 'argument': conversion from 'T' to 'T', possible loss of data
          with
          [
              T=double
          ]
          and
          [
              T=float
          ]
D:\Projects\Visual Studio Projects\C++\ByteCamera\ByteCamera\ByteCamera.cpp(468,83): warning C4244: 'argument': conversion from 'T' to 'T', possible loss of data
          with
          [
              T=double
          ]
          and
          [
              T=float
          ]
D:\Projects\Visual Studio Projects\C++\ByteCamera\ByteCamera\ByteCamera.cpp(468,60): warning C4244: 'argument': conversion from 'unsigned int' to 'T', possible loss of data
          with
          [
              T=float
          ]
D:\Projects\Visual Studio Projects\C++\ByteCamera\ByteCamera\ByteCamera.cpp(471,59): warning C4244: 'argument': conversion from 'T' to 'T', possible loss of data
          with
          [
              T=double
          ]
          and
          [
              T=float
          ]
D:\Projects\Visual Studio Projects\C++\ByteCamera\ByteCamera\ByteCamera.cpp(472,97): warning C4244: 'argument': conversion from 'unsigned int' to 'T', possible loss of data
          with
          [
              T=float
          ]
D:\Projects\Visual Studio Projects\C++\ByteCamera\ByteCamera\ByteCamera.cpp(472,59): warning C4244: 'argument': conversion from 'T' to 'T', possible loss of data
          with
          [
              T=double
          ]
          and
          [
              T=float
          ]
D:\Projects\Visual Studio Projects\C++\ByteCamera\ByteCamera\ByteCamera.cpp(477,125): warning C4244: 'argument': conversion from 'T' to 'T', possible loss of data
          with
          [
              T=double
          ]
          and
          [
              T=float
          ]
D:\Projects\Visual Studio Projects\C++\ByteCamera\ByteCamera\ByteCamera.cpp(477,79): warning C4244: 'argument': conversion from 'T' to 'T', possible loss of data
          with
          [
              T=double
          ]
          and
          [
              T=float
          ]
  ByteCamera.vcxproj -> D:\Projects\Visual Studio Projects\C++\ByteCamera\x64\Debug\ByteCamera.exe
